CMakeFiles/pubvel_spiral.dir/src/pubvel_spiral.cpp.o: In function `main':
pubvel_spiral.cpp:(.text+0x72): undefined reference to `ros::init(int&, char**, std::__cxx11::basic_string<char, std::char_traits<char>, std::allocator<char> > const&, unsigned int)'
pubvel_spiral.cpp:(.text+0xce): undefined reference to `ros::NodeHandle::NodeHandle(std::__cxx11::basic_string<char, std::char_traits<char>, std::allocator<char> > const&, std::map<std::__cxx11::basic_string<char, std::char_traits<char>, std::allocator<char> >, std::__cxx11::basic_string<char, std::char_traits<char>, std::allocator<char> >, std::less<std::__cxx11::basic_string<char, std::char_traits<char>, std::allocator<char> > >, std::allocator<std::pair<std::__cxx11::basic_string<char, std::char_traits<char>, std::allocator<char> > const, std::__cxx11::basic_string<char, std::char_traits<char>, std::allocator<char> > > > > const&)'
pubvel_spiral.cpp:(.text+0x195): undefined reference to `ros::Rate::Rate(double)'
pubvel_spiral.cpp:(.text+0x19a): undefined reference to `ros::ok()'
pubvel_spiral.cpp:(.text+0x2a8): undefined reference to `ros::console::g_initialized'
pubvel_spiral.cpp:(.text+0x2b8): undefined reference to `ros::console::initialize()'
pubvel_spiral.cpp:(.text+0x30d): undefined reference to `ros::console::initializeLogLocation(ros::console::LogLocation*, std::__cxx11::basic_string<char, std::char_traits<char>, std::allocator<char> > const&, ros::console::levels::Level)'
pubvel_spiral.cpp:(.text+0x34e): undefined reference to `ros::console::setLogLocationLevel(ros::console::LogLocation*, ros::console::levels::Level)'
pubvel_spiral.cpp:(.text+0x358): undefined reference to `ros::console::checkLogLocationEnabled(ros::console::LogLocation*)'
pubvel_spiral.cpp:(.text+0x43b): undefined reference to `ros::console::print(ros::console::FilterBase*, void*, ros::console::levels::Level, std::__cxx11::basic_stringstream<char, std::char_traits<char>, std::allocator<char> > const&, char const*, int, char const*)'
pubvel_spiral.cpp:(.text+0x45d): undefined reference to `ros::Rate::sleep()'
pubvel_spiral.cpp:(.text+0x480): undefined reference to `ros::Publisher::~Publisher()'
pubvel_spiral.cpp:(.text+0x48f): undefined reference to `ros::NodeHandle::~NodeHandle()'
pubvel_spiral.cpp:(.text+0x503): undefined reference to `ros::NodeHandle::~NodeHandle()'
pubvel_spiral.cpp:(.text+0x534): undefined reference to `ros::NodeHandle::~NodeHandle()'
pubvel_spiral.cpp:(.text+0x565): undefined reference to `ros::Publisher::~Publisher()'
pubvel_spiral.cpp:(.text+0x5dd): undefined reference to `ros::Publisher::~Publisher()'
pubvel_spiral.cpp:(.text+0x5f1): undefined reference to `ros::NodeHandle::~NodeHandle()'
CMakeFiles/pubvel_spiral.dir/src/pubvel_spiral.cpp.o: In function `ros::Publisher ros::NodeHandle::advertise<geometry_msgs::Twist_<std::allocator<void> > >(std::__cxx11::basic_string<char, std::char_traits<char>, std::allocator<char> > const&, unsigned int, bool)':
pubvel_spiral.cpp:(.text._ZN3ros10NodeHandle9advertiseIN13geometry_msgs6Twist_ISaIvEEEEENS_9PublisherERKNSt7__cxx1112basic_stringIcSt11char_traitsIcESaIcEEEjb[_ZN3ros10NodeHandle9advertiseIN13geometry_msgs6Twist_ISaIvEEEEENS_9PublisherERKNSt7__cxx1112basic_stringIcSt11char_traitsIcESaIcEEEjb]+0xdd): undefined reference to `ros::NodeHandle::advertise(ros::AdvertiseOptions&)'
CMakeFiles/pubvel_spiral.dir/src/pubvel_spiral.cpp.o: In function `void ros::Publisher::publish<geometry_msgs::Twist_<std::allocator<void> > >(geometry_msgs::Twist_<std::allocator<void> > const&) const':
pubvel_spiral.cpp:(.text._ZNK3ros9Publisher7publishIN13geometry_msgs6Twist_ISaIvEEEEEvRKT_[_ZNK3ros9Publisher7publishIN13geometry_msgs6Twist_ISaIvEEEEEvRKT_]+0x47): undefined reference to `ros::console::g_initialized'
pubvel_spiral.cpp:(.text._ZNK3ros9Publisher7publishIN13geometry_msgs6Twist_ISaIvEEEEEvRKT_[_ZNK3ros9Publisher7publishIN13geometry_msgs6Twist_ISaIvEEEEEvRKT_]+0x57): undefined reference to `ros::console::initialize()'
pubvel_spiral.cpp:(.text._ZNK3ros9Publisher7publishIN13geometry_msgs6Twist_ISaIvEEEEEvRKT_[_ZNK3ros9Publisher7publishIN13geometry_msgs6Twist_ISaIvEEEEEvRKT_]+0xa6): undefined reference to `ros::console::initializeLogLocation(ros::console::LogLocation*, std::__cxx11::basic_string<char, std::char_traits<char>, std::allocator<char> > const&, ros::console::levels::Level)'
pubvel_spiral.cpp:(.text._ZNK3ros9Publisher7publishIN13geometry_msgs6Twist_ISaIvEEEEEvRKT_[_ZNK3ros9Publisher7publishIN13geometry_msgs6Twist_ISaIvEEEEEvRKT_]+0xe4): undefined reference to `ros::console::setLogLocationLevel(ros::console::LogLocation*, ros::console::levels::Level)'
pubvel_spiral.cpp:(.text._ZNK3ros9Publisher7publishIN13geometry_msgs6Twist_ISaIvEEEEEvRKT_[_ZNK3ros9Publisher7publishIN13geometry_msgs6Twist_ISaIvEEEEEvRKT_]+0xee): undefined reference to `ros::console::checkLogLocationEnabled(ros::console::LogLocation*)'
pubvel_spiral.cpp:(.text._ZNK3ros9Publisher7publishIN13geometry_msgs6Twist_ISaIvEEEEEvRKT_[_ZNK3ros9Publisher7publishIN13geometry_msgs6Twist_ISaIvEEEEEvRKT_]+0x148): undefined reference to `ros::console::print(ros::console::FilterBase*, void*, ros::console::levels::Level, char const*, int, char const*, char const*, ...)'
pubvel_spiral.cpp:(.text._ZNK3ros9Publisher7publishIN13geometry_msgs6Twist_ISaIvEEEEEvRKT_[_ZNK3ros9Publisher7publishIN13geometry_msgs6Twist_ISaIvEEEEEvRKT_]+0x153): undefined reference to `ros::console::g_initialized'
pubvel_spiral.cpp:(.text._ZNK3ros9Publisher7publishIN13geometry_msgs6Twist_ISaIvEEEEEvRKT_[_ZNK3ros9Publisher7publishIN13geometry_msgs6Twist_ISaIvEEEEEvRKT_]+0x163): undefined reference to `ros::console::initialize()'
pubvel_spiral.cpp:(.text._ZNK3ros9Publisher7publishIN13geometry_msgs6Twist_ISaIvEEEEEvRKT_[_ZNK3ros9Publisher7publishIN13geometry_msgs6Twist_ISaIvEEEEEvRKT_]+0x1b2): undefined reference to `ros::console::initializeLogLocation(ros::console::LogLocation*, std::__cxx11::basic_string<char, std::char_traits<char>, std::allocator<char> > const&, ros::console::levels::Level)'
pubvel_spiral.cpp:(.text._ZNK3ros9Publisher7publishIN13geometry_msgs6Twist_ISaIvEEEEEvRKT_[_ZNK3ros9Publisher7publishIN13geometry_msgs6Twist_ISaIvEEEEEvRKT_]+0x1f0): undefined reference to `ros::console::setLogLocationLevel(ros::console::LogLocation*, ros::console::levels::Level)'
pubvel_spiral.cpp:(.text._ZNK3ros9Publisher7publishIN13geometry_msgs6Twist_ISaIvEEEEEvRKT_[_ZNK3ros9Publisher7publishIN13geometry_msgs6Twist_ISaIvEEEEEvRKT_]+0x1fa): undefined reference to `ros::console::checkLogLocationEnabled(ros::console::LogLocation*)'
pubvel_spiral.cpp:(.text._ZNK3ros9Publisher7publishIN13geometry_msgs6Twist_ISaIvEEEEEvRKT_[_ZNK3ros9Publisher7publishIN13geometry_msgs6Twist_ISaIvEEEEEvRKT_]+0x24c): undefined reference to `ros::console::print(ros::console::FilterBase*, void*, ros::console::levels::Level, char const*, int, char const*, char const*, ...)'
pubvel_spiral.cpp:(.text._ZNK3ros9Publisher7publishIN13geometry_msgs6Twist_ISaIvEEEEEvRKT_[_ZNK3ros9Publisher7publishIN13geometry_msgs6Twist_ISaIvEEEEEvRKT_]+0x257): undefined reference to `ros::console::g_initialized'
pubvel_spiral.cpp:(.text._ZNK3ros9Publisher7publishIN13geometry_msgs6Twist_ISaIvEEEEEvRKT_[_ZNK3ros9Publisher7publishIN13geometry_msgs6Twist_ISaIvEEEEEvRKT_]+0x267): undefined reference to `ros::console::initialize()'
pubvel_spiral.cpp:(.text._ZNK3ros9Publisher7publishIN13geometry_msgs6Twist_ISaIvEEEEEvRKT_[_ZNK3ros9Publisher7publishIN13geometry_msgs6Twist_ISaIvEEEEEvRKT_]+0x2b6): undefined reference to `ros::console::initializeLogLocation(ros::console::LogLocation*, std::__cxx11::basic_string<char, std::char_traits<char>, std::allocator<char> > const&, ros::console::levels::Level)'
pubvel_spiral.cpp:(.text._ZNK3ros9Publisher7publishIN13geometry_msgs6Twist_ISaIvEEEEEvRKT_[_ZNK3ros9Publisher7publishIN13geometry_msgs6Twist_ISaIvEEEEEvRKT_]+0x2f4): undefined reference to `ros::console::setLogLocationLevel(ros::console::LogLocation*, ros::console::levels::Level)'
pubvel_spiral.cpp:(.text._ZNK3ros9Publisher7publishIN13geometry_msgs6Twist_ISaIvEEEEEvRKT_[_ZNK3ros9Publisher7publishIN13geometry_msgs6Twist_ISaIvEEEEEvRKT_]+0x2fe): undefined reference to `ros::console::checkLogLocationEnabled(ros::console::LogLocation*)'
pubvel_spiral.cpp:(.text._ZNK3ros9Publisher7publishIN13geometry_msgs6Twist_ISaIvEEEEEvRKT_[_ZNK3ros9Publisher7publishIN13geometry_msgs6Twist_ISaIvEEEEEvRKT_]+0x350): undefined reference to `ros::console::print(ros::console::FilterBase*, void*, ros::console::levels::Level, char const*, int, char const*, char const*, ...)'
pubvel_spiral.cpp:(.text._ZNK3ros9Publisher7publishIN13geometry_msgs6Twist_ISaIvEEEEEvRKT_[_ZNK3ros9Publisher7publishIN13geometry_msgs6Twist_ISaIvEEEEEvRKT_]+0x371): undefined reference to `ros::Publisher::Impl::isValid() const'
pubvel_spiral.cpp:(.text._ZNK3ros9Publisher7publishIN13geometry_msgs6Twist_ISaIvEEEEEvRKT_[_ZNK3ros9Publisher7publishIN13geometry_msgs6Twist_ISaIvEEEEEvRKT_]+0x383): undefined reference to `ros::console::g_initialized'
pubvel_spiral.cpp:(.text._ZNK3ros9Publisher7publishIN13geometry_msgs6Twist_ISaIvEEEEEvRKT_[_ZNK3ros9Publisher7publishIN13geometry_msgs6Twist_ISaIvEEEEEvRKT_]+0x393): undefined reference to `ros::console::initialize()'
pubvel_spiral.cpp:(.text._ZNK3ros9Publisher7publishIN13geometry_msgs6Twist_ISaIvEEEEEvRKT_[_ZNK3ros9Publisher7publishIN13geometry_msgs6Twist_ISaIvEEEEEvRKT_]+0x3e2): undefined reference to `ros::console::initializeLogLocation(ros::console::LogLocation*, std::__cxx11::basic_string<char, std::char_traits<char>, std::allocator<char> > const&, ros::console::levels::Level)'
pubvel_spiral.cpp:(.text._ZNK3ros9Publisher7publishIN13geometry_msgs6Twist_ISaIvEEEEEvRKT_[_ZNK3ros9Publisher7publishIN13geometry_msgs6Twist_ISaIvEEEEEvRKT_]+0x420): undefined reference to `ros::console::setLogLocationLevel(ros::console::LogLocation*, ros::console::levels::Level)'
pubvel_spiral.cpp:(.text._ZNK3ros9Publisher7publishIN13geometry_msgs6Twist_ISaIvEEEEEvRKT_[_ZNK3ros9Publisher7publishIN13geometry_msgs6Twist_ISaIvEEEEEvRKT_]+0x42a): undefined reference to `ros::console::checkLogLocationEnabled(ros::console::LogLocation*)'
pubvel_spiral.cpp:(.text._ZNK3ros9Publisher7publishIN13geometry_msgs6Twist_ISaIvEEEEEvRKT_[_ZNK3ros9Publisher7publishIN13geometry_msgs6Twist_ISaIvEEEEEvRKT_]+0x484): undefined reference to `ros::console::print(ros::console::FilterBase*, void*, ros::console::levels::Level, char const*, int, char const*, char const*, ...)'
pubvel_spiral.cpp:(.text._ZNK3ros9Publisher7publishIN13geometry_msgs6Twist_ISaIvEEEEEvRKT_[_ZNK3ros9Publisher7publishIN13geometry_msgs6Twist_ISaIvEEEEEvRKT_]+0x48f): undefined reference to `ros::console::g_initialized'
pubvel_spiral.cpp:(.text._ZNK3ros9Publisher7publishIN13geometry_msgs6Twist_ISaIvEEEEEvRKT_[_ZNK3ros9Publisher7publishIN13geometry_msgs6Twist_ISaIvEEEEEvRKT_]+0x49f): undefined reference to `ros::console::initialize()'
pubvel_spiral.cpp:(.text._ZNK3ros9Publisher7publishIN13geometry_msgs6Twist_ISaIvEEEEEvRKT_[_ZNK3ros9Publisher7publishIN13geometry_msgs6Twist_ISaIvEEEEEvRKT_]+0x4ee): undefined reference to `ros::console::initializeLogLocation(ros::console::LogLocation*, std::__cxx11::basic_string<char, std::char_traits<char>, std::allocator<char> > const&, ros::console::levels::Level)'
pubvel_spiral.cpp:(.text._ZNK3ros9Publisher7publishIN13geometry_msgs6Twist_ISaIvEEEEEvRKT_[_ZNK3ros9Publisher7publishIN13geometry_msgs6Twist_ISaIvEEEEEvRKT_]+0x52c): undefined reference to `ros::console::setLogLocationLevel(ros::console::LogLocation*, ros::console::levels::Level)'
pubvel_spiral.cpp:(.text._ZNK3ros9Publisher7publishIN13geometry_msgs6Twist_ISaIvEEEEEvRKT_[_ZNK3ros9Publisher7publishIN13geometry_msgs6Twist_ISaIvEEEEEvRKT_]+0x536): undefined reference to `ros::console::checkLogLocationEnabled(ros::console::LogLocation*)'
pubvel_spiral.cpp:(.text._ZNK3ros9Publisher7publishIN13geometry_msgs6Twist_ISaIvEEEEEvRKT_[_ZNK3ros9Publisher7publishIN13geometry_msgs6Twist_ISaIvEEEEEvRKT_]+0x59f): undefined reference to `ros::console::print(ros::console::FilterBase*, void*, ros::console::levels::Level, char const*, int, char const*, char const*, ...)'
pubvel_spiral.cpp:(.text._ZNK3ros9Publisher7publishIN13geometry_msgs6Twist_ISaIvEEEEEvRKT_[_ZNK3ros9Publisher7publishIN13geometry_msgs6Twist_ISaIvEEEEEvRKT_]+0x5aa): undefined reference to `ros::console::g_initialized'
pubvel_spiral.cpp:(.text._ZNK3ros9Publisher7publishIN13geometry_msgs6Twist_ISaIvEEEEEvRKT_[_ZNK3ros9Publisher7publishIN13geometry_msgs6Twist_ISaIvEEEEEvRKT_]+0x5ba): undefined reference to `ros::console::initialize()'
pubvel_spiral.cpp:(.text._ZNK3ros9Publisher7publishIN13geometry_msgs6Twist_ISaIvEEEEEvRKT_[_ZNK3ros9Publisher7publishIN13geometry_msgs6Twist_ISaIvEEEEEvRKT_]+0x609): undefined reference to `ros::console::initializeLogLocation(ros::console::LogLocation*, std::__cxx11::basic_string<char, std::char_traits<char>, std::allocator<char> > const&, ros::console::levels::Level)'
pubvel_spiral.cpp:(.text._ZNK3ros9Publisher7publishIN13geometry_msgs6Twist_ISaIvEEEEEvRKT_[_ZNK3ros9Publisher7publishIN13geometry_msgs6Twist_ISaIvEEEEEvRKT_]+0x647): undefined reference to `ros::console::setLogLocationLevel(ros::console::LogLocation*, ros::console::levels::Level)'
pubvel_spiral.cpp:(.text._ZNK3ros9Publisher7publishIN13geometry_msgs6Twist_ISaIvEEEEEvRKT_[_ZNK3ros9Publisher7publishIN13geometry_msgs6Twist_ISaIvEEEEEvRKT_]+0x651): undefined reference to `ros::console::checkLogLocationEnabled(ros::console::LogLocation*)'
pubvel_spiral.cpp:(.text._ZNK3ros9Publisher7publishIN13geometry_msgs6Twist_ISaIvEEEEEvRKT_[_ZNK3ros9Publisher7publishIN13geometry_msgs6Twist_ISaIvEEEEEvRKT_]+0x6a3): undefined reference to `ros::console::print(ros::console::FilterBase*, void*, ros::console::levels::Level, char const*, int, char const*, char const*, ...)'
pubvel_spiral.cpp:(.text._ZNK3ros9Publisher7publishIN13geometry_msgs6Twist_ISaIvEEEEEvRKT_[_ZNK3ros9Publisher7publishIN13geometry_msgs6Twist_ISaIvEEEEEvRKT_]+0x7b7): undefined reference to `ros::console::g_initialized'
pubvel_spiral.cpp:(.text._ZNK3ros9Publisher7publishIN13geometry_msgs6Twist_ISaIvEEEEEvRKT_[_ZNK3ros9Publisher7publishIN13geometry_msgs6Twist_ISaIvEEEEEvRKT_]+0x7c7): undefined reference to `ros::console::initialize()'
pubvel_spiral.cpp:(.text._ZNK3ros9Publisher7publishIN13geometry_msgs6Twist_ISaIvEEEEEvRKT_[_ZNK3ros9Publisher7publishIN13geometry_msgs6Twist_ISaIvEEEEEvRKT_]+0x816): undefined reference to `ros::console::initializeLogLocation(ros::console::LogLocation*, std::__cxx11::basic_string<char, std::char_traits<char>, std::allocator<char> > const&, ros::console::levels::Level)'
pubvel_spiral.cpp:(.text._ZNK3ros9Publisher7publishIN13geometry_msgs6Twist_ISaIvEEEEEvRKT_[_ZNK3ros9Publisher7publishIN13geometry_msgs6Twist_ISaIvEEEEEvRKT_]+0x854): undefined reference to `ros::console::setLogLocationLevel(ros::console::LogLocation*, ros::console::levels::Level)'
pubvel_spiral.cpp:(.text._ZNK3ros9Publisher7publishIN13geometry_msgs6Twist_ISaIvEEEEEvRKT_[_ZNK3ros9Publisher7publishIN13geometry_msgs6Twist_ISaIvEEEEEvRKT_]+0x85e): undefined reference to `ros::console::checkLogLocationEnabled(ros::console::LogLocation*)'
pubvel_spiral.cpp:(.text._ZNK3ros9Publisher7publishIN13geometry_msgs6Twist_ISaIvEEEEEvRKT_[_ZNK3ros9Publisher7publishIN13geometry_msgs6Twist_ISaIvEEEEEvRKT_]+0x8b8): undefined reference to `ros::console::print(ros::console::FilterBase*, void*, ros::console::levels::Level, char const*, int, char const*, char const*, ...)'
pubvel_spiral.cpp:(.text._ZNK3ros9Publisher7publishIN13geometry_msgs6Twist_ISaIvEEEEEvRKT_[_ZNK3ros9Publisher7publishIN13geometry_msgs6Twist_ISaIvEEEEEvRKT_]+0x8c3): undefined reference to `ros::console::g_initialized'
pubvel_spiral.cpp:(.text._ZNK3ros9Publisher7publishIN13geometry_msgs6Twist_ISaIvEEEEEvRKT_[_ZNK3ros9Publisher7publishIN13geometry_msgs6Twist_ISaIvEEEEEvRKT_]+0x8d3): undefined reference to `ros::console::initialize()'
pubvel_spiral.cpp:(.text._ZNK3ros9Publisher7publishIN13geometry_msgs6Twist_ISaIvEEEEEvRKT_[_ZNK3ros9Publisher7publishIN13geometry_msgs6Twist_ISaIvEEEEEvRKT_]+0x922): undefined reference to `ros::console::initializeLogLocation(ros::console::LogLocation*, std::__cxx11::basic_string<char, std::char_traits<char>, std::allocator<char> > const&, ros::console::levels::Level)'
pubvel_spiral.cpp:(.text._ZNK3ros9Publisher7publishIN13geometry_msgs6Twist_ISaIvEEEEEvRKT_[_ZNK3ros9Publisher7publishIN13geometry_msgs6Twist_ISaIvEEEEEvRKT_]+0x960): undefined reference to `ros::console::setLogLocationLevel(ros::console::LogLocation*, ros::console::levels::Level)'
pubvel_spiral.cpp:(.text._ZNK3ros9Publisher7publishIN13geometry_msgs6Twist_ISaIvEEEEEvRKT_[_ZNK3ros9Publisher7publishIN13geometry_msgs6Twist_ISaIvEEEEEvRKT_]+0x96a): undefined reference to `ros::console::checkLogLocationEnabled(ros::console::LogLocation*)'
pubvel_spiral.cpp:(.text._ZNK3ros9Publisher7publishIN13geometry_msgs6Twist_ISaIvEEEEEvRKT_[_ZNK3ros9Publisher7publishIN13geometry_msgs6Twist_ISaIvEEEEEvRKT_]+0xa26): undefined reference to `ros::console::print(ros::console::FilterBase*, void*, ros::console::levels::Level, char const*, int, char const*, char const*, ...)'
pubvel_spiral.cpp:(.text._ZNK3ros9Publisher7publishIN13geometry_msgs6Twist_ISaIvEEEEEvRKT_[_ZNK3ros9Publisher7publishIN13geometry_msgs6Twist_ISaIvEEEEEvRKT_]+0xa31): undefined reference to `ros::console::g_initialized'
pubvel_spiral.cpp:(.text._ZNK3ros9Publisher7publishIN13geometry_msgs6Twist_ISaIvEEEEEvRKT_[_ZNK3ros9Publisher7publishIN13geometry_msgs6Twist_ISaIvEEEEEvRKT_]+0xa41): undefined reference to `ros::console::initialize()'
pubvel_spiral.cpp:(.text._ZNK3ros9Publisher7publishIN13geometry_msgs6Twist_ISaIvEEEEEvRKT_[_ZNK3ros9Publisher7publishIN13geometry_msgs6Twist_ISaIvEEEEEvRKT_]+0xa90): undefined reference to `ros::console::initializeLogLocation(ros::console::LogLocation*, std::__cxx11::basic_string<char, std::char_traits<char>, std::allocator<char> > const&, ros::console::levels::Level)'
pubvel_spiral.cpp:(.text._ZNK3ros9Publisher7publishIN13geometry_msgs6Twist_ISaIvEEEEEvRKT_[_ZNK3ros9Publisher7publishIN13geometry_msgs6Twist_ISaIvEEEEEvRKT_]+0xace): undefined reference to `ros::console::setLogLocationLevel(ros::console::LogLocation*, ros::console::levels::Level)'
pubvel_spiral.cpp:(.text._ZNK3ros9Publisher7publishIN13geometry_msgs6Twist_ISaIvEEEEEvRKT_[_ZNK3ros9Publisher7publishIN13geometry_msgs6Twist_ISaIvEEEEEvRKT_]+0xad8): undefined reference to `ros::console::checkLogLocationEnabled(ros::console::LogLocation*)'
pubvel_spiral.cpp:(.text._ZNK3ros9Publisher7publishIN13geometry_msgs6Twist_ISaIvEEEEEvRKT_[_ZNK3ros9Publisher7publishIN13geometry_msgs6Twist_ISaIvEEEEEvRKT_]+0xb2a): undefined reference to `ros::console::print(ros::console::FilterBase*, void*, ros::console::levels::Level, char const*, int, char const*, char const*, ...)'
pubvel_spiral.cpp:(.text._ZNK3ros9Publisher7publishIN13geometry_msgs6Twist_ISaIvEEEEEvRKT_[_ZNK3ros9Publisher7publishIN13geometry_msgs6Twist_ISaIvEEEEEvRKT_]+0xbfc): undefined reference to `ros::Publisher::publish(boost::function<ros::SerializedMessage ()> const&, ros::SerializedMessage&) const'
CMakeFiles/pubvel_spiral.dir/src/pubvel_spiral.cpp.o: In function `void ros::serialization::Serializer<unsigned int>::write<ros::serialization::OStream>(ros::serialization::OStream&, unsigned int)':
pubvel_spiral.cpp:(.text._ZN3ros13serialization10SerializerIjE5writeINS0_7OStreamEEEvRT_j[_ZN3ros13serialization10SerializerIjE5writeINS0_7OStreamEEEvRT_j]+0x53): undefined reference to `ros::serialization::throwStreamOverrun()'
CMakeFiles/pubvel_spiral.dir/src/pubvel_spiral.cpp.o: In function `void ros::serialization::Serializer<double>::write<ros::serialization::OStream>(ros::serialization::OStream&, double)':
pubvel_spiral.cpp:(.text._ZN3ros13serialization10SerializerIdE5writeINS0_7OStreamEEEvRT_d[_ZN3ros13serialization10SerializerIdE5writeINS0_7OStreamEEEvRT_d]+0x55): undefined reference to `ros::serialization::throwStreamOverrun()'
collect2: error: ld returned 1 exit status
make[2]: *** [/home/ros-industrial/HW8/devel/.private/param/lib/param/pubvel_spiral] Error 1
make[1]: *** [CMakeFiles/pubvel_spiral.dir/all] Error 2
make: *** [all] Error 2
