/home/ros-industrial/HW8/src/pub_sub2/src/pubvel_smart.cpp: In function ‘int main(int, char**)’:
/home/ros-industrial/HW8/src/pub_sub2/src/pubvel_smart.cpp:20:13: error: no matching function for call to ‘ros::NodeHandle::subscribe(const char [13], int, turtlesim::Pose&)’
         msg2);
             ^
In file included from /opt/ros/kinetic/include/ros/ros.h:45:0,
                 from /home/ros-industrial/HW8/src/pub_sub2/src/pubvel_smart.cpp:3:
/opt/ros/kinetic/include/ros/node_handle.h:401:14: note: candidate: template<class M, class T> ros::Subscriber ros::NodeHandle::subscribe(const string&, uint32_t, void (T::*)(M), T*, const ros::TransportHints&)
   Subscriber subscribe(const std::string& topic, uint32_t queue_size, void(T::*fp)(M), T* obj, 
              ^
/opt/ros/kinetic/include/ros/node_handle.h:401:14: note:   template argument deduction/substitution failed:
/home/ros-industrial/HW8/src/pub_sub2/src/pubvel_smart.cpp:20:13: note:   mismatched types ‘void (T::*)(M)’ and ‘turtlesim::Pose_<std::allocator<void> >’
         msg2);
             ^
In file included from /opt/ros/kinetic/include/ros/ros.h:45:0,
                 from /home/ros-industrial/HW8/src/pub_sub2/src/pubvel_smart.cpp:3:
/opt/ros/kinetic/include/ros/node_handle.h:412:14: note: candidate: template<class M, class T> ros::Subscriber ros::NodeHandle::subscribe(const string&, uint32_t, void (T::*)(M) const, T*, const ros::TransportHints&)
   Subscriber subscribe(const std::string& topic, uint32_t queue_size, void(T::*fp)(M) const, T* obj, 
              ^
/opt/ros/kinetic/include/ros/node_handle.h:412:14: note:   template argument deduction/substitution failed:
/home/ros-industrial/HW8/src/pub_sub2/src/pubvel_smart.cpp:20:13: note:   mismatched types ‘void (T::*)(M) const’ and ‘turtlesim::Pose_<std::allocator<void> >’
         msg2);
             ^
In file included from /opt/ros/kinetic/include/ros/ros.h:45:0,
                 from /home/ros-industrial/HW8/src/pub_sub2/src/pubvel_smart.cpp:3:
/opt/ros/kinetic/include/ros/node_handle.h:464:14: note: candidate: template<class M, class T> ros::Subscriber ros::NodeHandle::subscribe(const string&, uint32_t, void (T::*)(const boost::shared_ptr<const M>&), T*, const ros::TransportHints&)
   Subscriber subscribe(const std::string& topic, uint32_t queue_size, 
              ^
/opt/ros/kinetic/include/ros/node_handle.h:464:14: note:   template argument deduction/substitution failed:
/home/ros-industrial/HW8/src/pub_sub2/src/pubvel_smart.cpp:20:13: note:   mismatched types ‘void (T::*)(const boost::shared_ptr<const M>&)’ and ‘turtlesim::Pose_<std::allocator<void> >’
         msg2);
             ^
In file included from /opt/ros/kinetic/include/ros/ros.h:45:0,
                 from /home/ros-industrial/HW8/src/pub_sub2/src/pubvel_smart.cpp:3:
/opt/ros/kinetic/include/ros/node_handle.h:474:14: note: candidate: template<class M, class T> ros::Subscriber ros::NodeHandle::subscribe(const string&, uint32_t, void (T::*)(const boost::shared_ptr<const M>&) const, T*, const ros::TransportHints&)
   Subscriber subscribe(const std::string& topic, uint32_t queue_size, 
              ^
/opt/ros/kinetic/include/ros/node_handle.h:474:14: note:   template argument deduction/substitution failed:
/home/ros-industrial/HW8/src/pub_sub2/src/pubvel_smart.cpp:20:13: note:   mismatched types ‘void (T::*)(const boost::shared_ptr<const M>&) const’ and ‘turtlesim::Pose_<std::allocator<void> >’
         msg2);
             ^
In file included from /opt/ros/kinetic/include/ros/ros.h:45:0,
                 from /home/ros-industrial/HW8/src/pub_sub2/src/pubvel_smart.cpp:3:
/opt/ros/kinetic/include/ros/node_handle.h:528:14: note: candidate: template<class M, class T> ros::Subscriber ros::NodeHandle::subscribe(const string&, uint32_t, void (T::*)(M), const boost::shared_ptr<U>&, const ros::TransportHints&)
   Subscriber subscribe(const std::string& topic, uint32_t queue_size, void(T::*fp)(M), 
              ^
/opt/ros/kinetic/include/ros/node_handle.h:528:14: note:   template argument deduction/substitution failed:
/home/ros-industrial/HW8/src/pub_sub2/src/pubvel_smart.cpp:20:13: note:   mismatched types ‘void (T::*)(M)’ and ‘turtlesim::Pose_<std::allocator<void> >’
         msg2);
             ^
In file included from /opt/ros/kinetic/include/ros/ros.h:45:0,
                 from /home/ros-industrial/HW8/src/pub_sub2/src/pubvel_smart.cpp:3:
/opt/ros/kinetic/include/ros/node_handle.h:539:14: note: candidate: template<class M, class T> ros::Subscriber ros::NodeHandle::subscribe(const string&, uint32_t, void (T::*)(M) const, const boost::shared_ptr<U>&, const ros::TransportHints&)
   Subscriber subscribe(const std::string& topic, uint32_t queue_size, void(T::*fp)(M) const, 
              ^
/opt/ros/kinetic/include/ros/node_handle.h:539:14: note:   template argument deduction/substitution failed:
/home/ros-industrial/HW8/src/pub_sub2/src/pubvel_smart.cpp:20:13: note:   mismatched types ‘void (T::*)(M) const’ and ‘turtlesim::Pose_<std::allocator<void> >’
         msg2);
             ^
In file included from /opt/ros/kinetic/include/ros/ros.h:45:0,
                 from /home/ros-industrial/HW8/src/pub_sub2/src/pubvel_smart.cpp:3:
/opt/ros/kinetic/include/ros/node_handle.h:593:14: note: candidate: template<class M, class T> ros::Subscriber ros::NodeHandle::subscribe(const string&, uint32_t, void (T::*)(const boost::shared_ptr<const M>&), const boost::shared_ptr<U>&, const ros::TransportHints&)
   Subscriber subscribe(const std::string& topic, uint32_t queue_size, 
              ^
/opt/ros/kinetic/include/ros/node_handle.h:593:14: note:   template argument deduction/substitution failed:
/home/ros-industrial/HW8/src/pub_sub2/src/pubvel_smart.cpp:20:13: note:   mismatched types ‘void (T::*)(const boost::shared_ptr<const M>&)’ and ‘turtlesim::Pose_<std::allocator<void> >’
         msg2);
             ^
In file included from /opt/ros/kinetic/include/ros/ros.h:45:0,
                 from /home/ros-industrial/HW8/src/pub_sub2/src/pubvel_smart.cpp:3:
/opt/ros/kinetic/include/ros/node_handle.h:604:14: note: candidate: template<class M, class T> ros::Subscriber ros::NodeHandle::subscribe(const string&, uint32_t, void (T::*)(const boost::shared_ptr<const M>&) const, const boost::shared_ptr<U>&, const ros::TransportHints&)
   Subscriber subscribe(const std::string& topic, uint32_t queue_size, 
              ^
/opt/ros/kinetic/include/ros/node_handle.h:604:14: note:   template argument deduction/substitution failed:
/home/ros-industrial/HW8/src/pub_sub2/src/pubvel_smart.cpp:20:13: note:   mismatched types ‘void (T::*)(const boost::shared_ptr<const M>&) const’ and ‘turtlesim::Pose_<std::allocator<void> >’
         msg2);
             ^
In file included from /opt/ros/kinetic/include/ros/ros.h:45:0,
                 from /home/ros-industrial/HW8/src/pub_sub2/src/pubvel_smart.cpp:3:
/opt/ros/kinetic/include/ros/node_handle.h:655:14: note: candidate: template<class M> ros::Subscriber ros::NodeHandle::subscribe(const string&, uint32_t, void (*)(M), const ros::TransportHints&)
   Subscriber subscribe(const std::string& topic, uint32_t queue_size, void(*fp)(M), const TransportHints& transport_hints = TransportHints())
              ^
/opt/ros/kinetic/include/ros/node_handle.h:655:14: note:   template argument deduction/substitution failed:
/home/ros-industrial/HW8/src/pub_sub2/src/pubvel_smart.cpp:20:13: note:   mismatched types ‘void (*)(M)’ and ‘turtlesim::Pose_<std::allocator<void> >’
         msg2);
             ^
In file included from /opt/ros/kinetic/include/ros/ros.h:45:0,
                 from /home/ros-industrial/HW8/src/pub_sub2/src/pubvel_smart.cpp:3:
/opt/ros/kinetic/include/ros/node_handle.h:703:14: note: candidate: template<class M> ros::Subscriber ros::NodeHandle::subscribe(const string&, uint32_t, void (*)(const boost::shared_ptr<const M>&), const ros::TransportHints&)
   Subscriber subscribe(const std::string& topic, uint32_t queue_size, void(*fp)(const boost::shared_ptr<M const>&), const TransportHints& transport_hints = TransportHints())
              ^
/opt/ros/kinetic/include/ros/node_handle.h:703:14: note:   template argument deduction/substitution failed:
/home/ros-industrial/HW8/src/pub_sub2/src/pubvel_smart.cpp:20:13: note:   mismatched types ‘void (*)(const boost::shared_ptr<const M>&)’ and ‘turtlesim::Pose_<std::allocator<void> >’
         msg2);
             ^
In file included from /opt/ros/kinetic/include/ros/ros.h:45:0,
                 from /home/ros-industrial/HW8/src/pub_sub2/src/pubvel_smart.cpp:3:
/opt/ros/kinetic/include/ros/node_handle.h:749:14: note: candidate: template<class M> ros::Subscriber ros::NodeHandle::subscribe(const string&, uint32_t, const boost::function<void(const boost::shared_ptr<const M>&)>&, const VoidConstPtr&, const ros::TransportHints&)
   Subscriber subscribe(const std::string& topic, uint32_t queue_size, const boost::function<void (const boost::shared_ptr<M const>&)>& callback,
              ^
/opt/ros/kinetic/include/ros/node_handle.h:749:14: note:   template argument deduction/substitution failed:
/home/ros-industrial/HW8/src/pub_sub2/src/pubvel_smart.cpp:20:13: note:   ‘turtlesim::Pose {aka turtlesim::Pose_<std::allocator<void> >}’ is not derived from ‘const boost::function<void(const boost::shared_ptr<const M>&)>’
         msg2);
             ^
In file included from /opt/ros/kinetic/include/ros/ros.h:45:0,
                 from /home/ros-industrial/HW8/src/pub_sub2/src/pubvel_smart.cpp:3:
/opt/ros/kinetic/include/ros/node_handle.h:798:14: note: candidate: template<class M, class C> ros::Subscriber ros::NodeHandle::subscribe(const string&, uint32_t, const boost::function<void(C)>&, const VoidConstPtr&, const ros::TransportHints&)
   Subscriber subscribe(const std::string& topic, uint32_t queue_size, const boost::function<void (C)>& callback,
              ^
/opt/ros/kinetic/include/ros/node_handle.h:798:14: note:   template argument deduction/substitution failed:
/home/ros-industrial/HW8/src/pub_sub2/src/pubvel_smart.cpp:20:13: note:   ‘turtlesim::Pose {aka turtlesim::Pose_<std::allocator<void> >}’ is not derived from ‘const boost::function<void(C)>’
         msg2);
             ^
In file included from /opt/ros/kinetic/include/ros/ros.h:45:0,
                 from /home/ros-industrial/HW8/src/pub_sub2/src/pubvel_smart.cpp:3:
/opt/ros/kinetic/include/ros/node_handle.h:835:14: note: candidate: ros::Subscriber ros::NodeHandle::subscribe(ros::SubscribeOptions&)
   Subscriber subscribe(SubscribeOptions& ops);
              ^
/opt/ros/kinetic/include/ros/node_handle.h:835:14: note:   candidate expects 1 argument, 3 provided
make[2]: *** [CMakeFiles/pubvel_smart.dir/src/pubvel_smart.cpp.o] Error 1
make[1]: *** [CMakeFiles/pubvel_smart.dir/all] Error 2
make: *** [all] Error 2
