/home/ros-industrial/HW8/src/pub_sub2/src/pubvel_smart.cpp: In function ‘int main(int, char**)’:
/home/ros-industrial/HW8/src/pub_sub2/src/pubvel_smart.cpp:25:15: error: no matching function for call to ‘ros::NodeHandle::subscribe(const char [13], int, float (*)(const Pose&))’
     &positionT);
               ^
In file included from /opt/ros/kinetic/include/ros/ros.h:45:0,
                 from /home/ros-industrial/HW8/src/pub_sub2/src/pubvel_smart.cpp:3:
/opt/ros/kinetic/include/ros/node_handle.h:401:14: note: candidate: template<class M, class T> ros::Subscriber ros::NodeHandle::subscribe(const string&, uint32_t, void (T::*)(M), T*, const ros::TransportHints&)
   Subscriber subscribe(const std::string& topic, uint32_t queue_size, void(T::*fp)(M), T* obj, 
              ^
/opt/ros/kinetic/include/ros/node_handle.h:401:14: note:   template argument deduction/substitution failed:
/home/ros-industrial/HW8/src/pub_sub2/src/pubvel_smart.cpp:25:15: note:   mismatched types ‘void (T::*)(M)’ and ‘float (*)(const Pose&) {aka float (*)(const turtlesim::Pose_<std::allocator<void> >&)}’
     &positionT);
               ^
In file included from /opt/ros/kinetic/include/ros/ros.h:45:0,
                 from /home/ros-industrial/HW8/src/pub_sub2/src/pubvel_smart.cpp:3:
/opt/ros/kinetic/include/ros/node_handle.h:412:14: note: candidate: template<class M, class T> ros::Subscriber ros::NodeHandle::subscribe(const string&, uint32_t, void (T::*)(M) const, T*, const ros::TransportHints&)
   Subscriber subscribe(const std::string& topic, uint32_t queue_size, void(T::*fp)(M) const, T* obj, 
              ^
/opt/ros/kinetic/include/ros/node_handle.h:412:14: note:   template argument deduction/substitution failed:
/home/ros-industrial/HW8/src/pub_sub2/src/pubvel_smart.cpp:25:15: note:   mismatched types ‘void (T::*)(M) const’ and ‘float (*)(const Pose&) {aka float (*)(const turtlesim::Pose_<std::allocator<void> >&)}’
     &positionT);
               ^
In file included from /opt/ros/kinetic/include/ros/ros.h:45:0,
                 from /home/ros-industrial/HW8/src/pub_sub2/src/pubvel_smart.cpp:3:
/opt/ros/kinetic/include/ros/node_handle.h:464:14: note: candidate: template<class M, class T> ros::Subscriber ros::NodeHandle::subscribe(const string&, uint32_t, void (T::*)(const boost::shared_ptr<const M>&), T*, const ros::TransportHints&)
   Subscriber subscribe(const std::string& topic, uint32_t queue_size, 
              ^
/opt/ros/kinetic/include/ros/node_handle.h:464:14: note:   template argument deduction/substitution failed:
/home/ros-industrial/HW8/src/pub_sub2/src/pubvel_smart.cpp:25:15: note:   mismatched types ‘void (T::*)(const boost::shared_ptr<const M>&)’ and ‘float (*)(const Pose&) {aka float (*)(const turtlesim::Pose_<std::allocator<void> >&)}’
     &positionT);
               ^
In file included from /opt/ros/kinetic/include/ros/ros.h:45:0,
                 from /home/ros-industrial/HW8/src/pub_sub2/src/pubvel_smart.cpp:3:
/opt/ros/kinetic/include/ros/node_handle.h:474:14: note: candidate: template<class M, class T> ros::Subscriber ros::NodeHandle::subscribe(const string&, uint32_t, void (T::*)(const boost::shared_ptr<const M>&) const, T*, const ros::TransportHints&)
   Subscriber subscribe(const std::string& topic, uint32_t queue_size, 
              ^
/opt/ros/kinetic/include/ros/node_handle.h:474:14: note:   template argument deduction/substitution failed:
/home/ros-industrial/HW8/src/pub_sub2/src/pubvel_smart.cpp:25:15: note:   mismatched types ‘void (T::*)(const boost::shared_ptr<const M>&) const’ and ‘float (*)(const Pose&) {aka float (*)(const turtlesim::Pose_<std::allocator<void> >&)}’
     &positionT);
               ^
In file included from /opt/ros/kinetic/include/ros/ros.h:45:0,
                 from /home/ros-industrial/HW8/src/pub_sub2/src/pubvel_smart.cpp:3:
/opt/ros/kinetic/include/ros/node_handle.h:528:14: note: candidate: template<class M, class T> ros::Subscriber ros::NodeHandle::subscribe(const string&, uint32_t, void (T::*)(M), const boost::shared_ptr<U>&, const ros::TransportHints&)
   Subscriber subscribe(const std::string& topic, uint32_t queue_size, void(T::*fp)(M), 
              ^
/opt/ros/kinetic/include/ros/node_handle.h:528:14: note:   template argument deduction/substitution failed:
/home/ros-industrial/HW8/src/pub_sub2/src/pubvel_smart.cpp:25:15: note:   mismatched types ‘void (T::*)(M)’ and ‘float (*)(const Pose&) {aka float (*)(const turtlesim::Pose_<std::allocator<void> >&)}’
     &positionT);
               ^
In file included from /opt/ros/kinetic/include/ros/ros.h:45:0,
                 from /home/ros-industrial/HW8/src/pub_sub2/src/pubvel_smart.cpp:3:
/opt/ros/kinetic/include/ros/node_handle.h:539:14: note: candidate: template<class M, class T> ros::Subscriber ros::NodeHandle::subscribe(const string&, uint32_t, void (T::*)(M) const, const boost::shared_ptr<U>&, const ros::TransportHints&)
   Subscriber subscribe(const std::string& topic, uint32_t queue_size, void(T::*fp)(M) const, 
              ^
/opt/ros/kinetic/include/ros/node_handle.h:539:14: note:   template argument deduction/substitution failed:
/home/ros-industrial/HW8/src/pub_sub2/src/pubvel_smart.cpp:25:15: note:   mismatched types ‘void (T::*)(M) const’ and ‘float (*)(const Pose&) {aka float (*)(const turtlesim::Pose_<std::allocator<void> >&)}’
     &positionT);
               ^
In file included from /opt/ros/kinetic/include/ros/ros.h:45:0,
                 from /home/ros-industrial/HW8/src/pub_sub2/src/pubvel_smart.cpp:3:
/opt/ros/kinetic/include/ros/node_handle.h:593:14: note: candidate: template<class M, class T> ros::Subscriber ros::NodeHandle::subscribe(const string&, uint32_t, void (T::*)(const boost::shared_ptr<const M>&), const boost::shared_ptr<U>&, const ros::TransportHints&)
   Subscriber subscribe(const std::string& topic, uint32_t queue_size, 
              ^
/opt/ros/kinetic/include/ros/node_handle.h:593:14: note:   template argument deduction/substitution failed:
/home/ros-industrial/HW8/src/pub_sub2/src/pubvel_smart.cpp:25:15: note:   mismatched types ‘void (T::*)(const boost::shared_ptr<const M>&)’ and ‘float (*)(const Pose&) {aka float (*)(const turtlesim::Pose_<std::allocator<void> >&)}’
     &positionT);
               ^
In file included from /opt/ros/kinetic/include/ros/ros.h:45:0,
                 from /home/ros-industrial/HW8/src/pub_sub2/src/pubvel_smart.cpp:3:
/opt/ros/kinetic/include/ros/node_handle.h:604:14: note: candidate: template<class M, class T> ros::Subscriber ros::NodeHandle::subscribe(const string&, uint32_t, void (T::*)(const boost::shared_ptr<const M>&) const, const boost::shared_ptr<U>&, const ros::TransportHints&)
   Subscriber subscribe(const std::string& topic, uint32_t queue_size, 
              ^
/opt/ros/kinetic/include/ros/node_handle.h:604:14: note:   template argument deduction/substitution failed:
/home/ros-industrial/HW8/src/pub_sub2/src/pubvel_smart.cpp:25:15: note:   mismatched types ‘void (T::*)(const boost::shared_ptr<const M>&) const’ and ‘float (*)(const Pose&) {aka float (*)(const turtlesim::Pose_<std::allocator<void> >&)}’
     &positionT);
               ^
In file included from /opt/ros/kinetic/include/ros/ros.h:45:0,
                 from /home/ros-industrial/HW8/src/pub_sub2/src/pubvel_smart.cpp:3:
/opt/ros/kinetic/include/ros/node_handle.h:655:14: note: candidate: template<class M> ros::Subscriber ros::NodeHandle::subscribe(const string&, uint32_t, void (*)(M), const ros::TransportHints&)
   Subscriber subscribe(const std::string& topic, uint32_t queue_size, void(*fp)(M), const TransportHints& transport_hints = TransportHints())
              ^
/opt/ros/kinetic/include/ros/node_handle.h:655:14: note:   template argument deduction/substitution failed:
/home/ros-industrial/HW8/src/pub_sub2/src/pubvel_smart.cpp:25:15: note:   mismatched types ‘void’ and ‘float’
     &positionT);
               ^
In file included from /opt/ros/kinetic/include/ros/ros.h:45:0,
                 from /home/ros-industrial/HW8/src/pub_sub2/src/pubvel_smart.cpp:3:
/opt/ros/kinetic/include/ros/node_handle.h:703:14: note: candidate: template<class M> ros::Subscriber ros::NodeHandle::subscribe(const string&, uint32_t, void (*)(const boost::shared_ptr<const M>&), const ros::TransportHints&)
   Subscriber subscribe(const std::string& topic, uint32_t queue_size, void(*fp)(const boost::shared_ptr<M const>&), const TransportHints& transport_hints = TransportHints())
              ^
/opt/ros/kinetic/include/ros/node_handle.h:703:14: note:   template argument deduction/substitution failed:
/home/ros-industrial/HW8/src/pub_sub2/src/pubvel_smart.cpp:25:15: note:   mismatched types ‘void’ and ‘float’
     &positionT);
               ^
In file included from /opt/ros/kinetic/include/ros/ros.h:45:0,
                 from /home/ros-industrial/HW8/src/pub_sub2/src/pubvel_smart.cpp:3:
/opt/ros/kinetic/include/ros/node_handle.h:749:14: note: candidate: template<class M> ros::Subscriber ros::NodeHandle::subscribe(const string&, uint32_t, const boost::function<void(const boost::shared_ptr<const M>&)>&, const VoidConstPtr&, const ros::TransportHints&)
   Subscriber subscribe(const std::string& topic, uint32_t queue_size, const boost::function<void (const boost::shared_ptr<M const>&)>& callback,
              ^
/opt/ros/kinetic/include/ros/node_handle.h:749:14: note:   template argument deduction/substitution failed:
/home/ros-industrial/HW8/src/pub_sub2/src/pubvel_smart.cpp:25:15: note:   mismatched types ‘const boost::function<void(const boost::shared_ptr<const M>&)>’ and ‘float (*)(const Pose&) {aka float (*)(const turtlesim::Pose_<std::allocator<void> >&)}’
     &positionT);
               ^
In file included from /opt/ros/kinetic/include/ros/ros.h:45:0,
                 from /home/ros-industrial/HW8/src/pub_sub2/src/pubvel_smart.cpp:3:
/opt/ros/kinetic/include/ros/node_handle.h:798:14: note: candidate: template<class M, class C> ros::Subscriber ros::NodeHandle::subscribe(const string&, uint32_t, const boost::function<void(C)>&, const VoidConstPtr&, const ros::TransportHints&)
   Subscriber subscribe(const std::string& topic, uint32_t queue_size, const boost::function<void (C)>& callback,
              ^
/opt/ros/kinetic/include/ros/node_handle.h:798:14: note:   template argument deduction/substitution failed:
/home/ros-industrial/HW8/src/pub_sub2/src/pubvel_smart.cpp:25:15: note:   mismatched types ‘const boost::function<void(C)>’ and ‘float (*)(const Pose&) {aka float (*)(const turtlesim::Pose_<std::allocator<void> >&)}’
     &positionT);
               ^
In file included from /opt/ros/kinetic/include/ros/ros.h:45:0,
                 from /home/ros-industrial/HW8/src/pub_sub2/src/pubvel_smart.cpp:3:
/opt/ros/kinetic/include/ros/node_handle.h:835:14: note: candidate: ros::Subscriber ros::NodeHandle::subscribe(ros::SubscribeOptions&)
   Subscriber subscribe(SubscribeOptions& ops);
              ^
/opt/ros/kinetic/include/ros/node_handle.h:835:14: note:   candidate expects 1 argument, 3 provided
In file included from /opt/ros/kinetic/include/ros/ros.h:40:0,
                 from /home/ros-industrial/HW8/src/pub_sub2/src/pubvel_smart.cpp:3:
/home/ros-industrial/HW8/src/pub_sub2/src/pubvel_smart.cpp:42:24: error: ‘msg2’ was not declared in this scope
       << " linear=" << msg2.x
                        ^
/opt/ros/kinetic/include/ros/console.h:356:64: note: in definition of macro ‘ROSCONSOLE_PRINT_STREAM_AT_LOCATION_WITH_FILTER’
     __rosconsole_print_stream_at_location_with_filter__ss__ << args; \
                                                                ^
/opt/ros/kinetic/include/ros/console.h:398:7: note: in expansion of macro ‘ROSCONSOLE_PRINT_STREAM_AT_LOCATION’
       ROSCONSOLE_PRINT_STREAM_AT_LOCATION(args); \
       ^
/opt/ros/kinetic/include/ros/console.h:568:43: note: in expansion of macro ‘ROS_LOG_STREAM_COND’
 #define ROS_LOG_STREAM(level, name, args) ROS_LOG_STREAM_COND(true, level, name, args)
                                           ^
/opt/ros/kinetic/include/rosconsole/macros_generated.h:111:31: note: in expansion of macro ‘ROS_LOG_STREAM’
 #define ROS_INFO_STREAM(args) ROS_LOG_STREAM(::ros::console::levels::Info, ROSCONSOLE_DEFAULT_NAME, args)
                               ^
/home/ros-industrial/HW8/src/pub_sub2/src/pubvel_smart.cpp:41:5: note: in expansion of macro ‘ROS_INFO_STREAM’
     ROS_INFO_STREAM("Sending random velocity command:"
     ^
make[2]: *** [CMakeFiles/pubvel_smart.dir/src/pubvel_smart.cpp.o] Error 1
make[1]: *** [CMakeFiles/pubvel_smart.dir/all] Error 2
make: *** [all] Error 2
