Determining if the pthread_create exist failed with the following output:
Change Dir: /home/ros-industrial/HW8/build/service/CMakeFiles/CMakeTmp

Run Build Command:"/usr/bin/make" "cmTC_535bd/fast"
/usr/bin/make -f CMakeFiles/cmTC_535bd.dir/build.make CMakeFiles/cmTC_535bd.dir/build
make[1]: Entering directory '/home/ros-industrial/HW8/build/service/CMakeFiles/CMakeTmp'
Building C object CMakeFiles/cmTC_535bd.dir/CheckSymbolExists.c.o
/usr/bin/cc     -o CMakeFiles/cmTC_535bd.dir/CheckSymbolExists.c.o   -c /home/ros-industrial/HW8/build/service/CMakeFiles/CMakeTmp/CheckSymbolExists.c
Linking C executable cmTC_535bd
/usr/bin/cmake -E cmake_link_script CMakeFiles/cmTC_535bd.dir/link.txt --verbose=1
/usr/bin/cc       CMakeFiles/cmTC_535bd.dir/CheckSymbolExists.c.o  -o cmTC_535bd -rdynamic 
CMakeFiles/cmTC_535bd.dir/CheckSymbolExists.c.o: In function `main':
CheckSymbolExists.c:(.text+0x16): undefined reference to `pthread_create'
collect2: error: ld returned 1 exit status
CMakeFiles/cmTC_535bd.dir/build.make:97: recipe for target 'cmTC_535bd' failed
make[1]: *** [cmTC_535bd] Error 1
make[1]: Leaving directory '/home/ros-industrial/HW8/build/service/CMakeFiles/CMakeTmp'
Makefile:126: recipe for target 'cmTC_535bd/fast' failed
make: *** [cmTC_535bd/fast] Error 2

File /home/ros-industrial/HW8/build/service/CMakeFiles/CMakeTmp/CheckSymbolExists.c:
/* */
#include <pthread.h>

int main(int argc, char** argv)
{
  (void)argv;
#ifndef pthread_create
  return ((int*)(&pthread_create))[argc];
#else
  (void)argc;
  return 0;
#endif
}

Determining if the function pthread_create exists in the pthreads failed with the following output:
Change Dir: /home/ros-industrial/HW8/build/service/CMakeFiles/CMakeTmp

Run Build Command:"/usr/bin/make" "cmTC_3b072/fast"
/usr/bin/make -f CMakeFiles/cmTC_3b072.dir/build.make CMakeFiles/cmTC_3b072.dir/build
make[1]: Entering directory '/home/ros-industrial/HW8/build/service/CMakeFiles/CMakeTmp'
Building C object CMakeFiles/cmTC_3b072.dir/CheckFunctionExists.c.o
/usr/bin/cc    -DCHECK_FUNCTION_EXISTS=pthread_create   -o CMakeFiles/cmTC_3b072.dir/CheckFunctionExists.c.o   -c /usr/share/cmake-3.5/Modules/CheckFunctionExists.c
Linking C executable cmTC_3b072
/usr/bin/cmake -E cmake_link_script CMakeFiles/cmTC_3b072.dir/link.txt --verbose=1
/usr/bin/cc   -DCHECK_FUNCTION_EXISTS=pthread_create    CMakeFiles/cmTC_3b072.dir/CheckFunctionExists.c.o  -o cmTC_3b072 -rdynamic -lpthreads 
/usr/bin/ld: cannot find -lpthreads
collect2: error: ld returned 1 exit status
CMakeFiles/cmTC_3b072.dir/build.make:97: recipe for target 'cmTC_3b072' failed
make[1]: *** [cmTC_3b072] Error 1
make[1]: Leaving directory '/home/ros-industrial/HW8/build/service/CMakeFiles/CMakeTmp'
Makefile:126: recipe for target 'cmTC_3b072/fast' failed
make: *** [cmTC_3b072/fast] Error 2


